\BOOKMARK [0][-]{Doc-Start}{\376\377\000D\000i\000s\000s\000e\000r\000t\000a\000t\000i\000o\000n\000\040\000A\000p\000p\000r\000o\000v\000a\000l}{}% 1
\BOOKMARK [0][-]{figure.caption.1}{\376\377\000D\000e\000c\000l\000a\000r\000a\000t\000i\000o\000n\000\040\000o\000f\000\040\000A\000u\000t\000h\000o\000r\000s\000h\000i\000p}{}% 2
\BOOKMARK [0][-]{figure.caption.2}{\376\377\000A\000c\000k\000n\000o\000w\000l\000e\000d\000g\000e\000m\000e\000n\000t\000s}{}% 3
\BOOKMARK [0][-]{figure.caption.2}{\376\377\000A\000b\000s\000t\000r\000a\000c\000t}{}% 4
\BOOKMARK [0][-]{chapter*.4}{\376\377\000L\000i\000s\000t\000\040\000o\000f\000\040\000F\000i\000g\000u\000r\000e\000s}{}% 5
\BOOKMARK [0][-]{chapter*.5}{\376\377\000L\000i\000s\000t\000\040\000o\000f\000\040\000T\000a\000b\000l\000e\000s}{}% 6
\BOOKMARK [0][-]{chapter.6}{\376\377\0001\000\040\000I\000n\000t\000r\000o\000d\000u\000c\000t\000i\000o\000n}{}% 7
\BOOKMARK [1][-]{section.7}{\376\377\0001\000.\0001\000\040\000M\000o\000t\000i\000v\000a\000t\000i\000o\000n\000\040}{chapter.6}% 8
\BOOKMARK [1][-]{section.8}{\376\377\0001\000.\0002\000\040\000O\000r\000g\000a\000n\000i\000s\000a\000t\000i\000o\000n\000\040\000o\000f\000\040\000t\000h\000e\000\040\000R\000e\000p\000o\000r\000t\000\040}{chapter.6}% 9
\BOOKMARK [1][-]{section.9}{\376\377\0001\000.\0003\000\040\000B\000a\000s\000i\000c\000s\000\040\000o\000f\000\040\000E\000r\000r\000o\000r\000\040\000C\000o\000r\000r\000e\000c\000t\000i\000o\000n\000\040}{chapter.6}% 10
\BOOKMARK [2][-]{subsection.10}{\376\377\0001\000.\0003\000.\0001\000\040\000P\000a\000r\000i\000t\000y\000\040\000C\000h\000e\000c\000k\000\040\000M\000a\000t\000r\000i\000x}{section.9}% 11
\BOOKMARK [2][-]{subsection.15}{\376\377\0001\000.\0003\000.\0002\000\040\000E\000n\000c\000o\000d\000i\000n\000g\000\040\000o\000f\000\040\000M\000e\000s\000s\000a\000g\000e}{section.9}% 12
\BOOKMARK [2][-]{subsection.20}{\376\377\0001\000.\0003\000.\0003\000\040\000T\000r\000a\000n\000s\000m\000i\000s\000s\000i\000o\000n\000\040\000o\000f\000\040\000t\000h\000e\000\040\000C\000o\000d\000e\000\040\000B\000l\000o\000c\000k}{section.9}% 13
\BOOKMARK [2][-]{subsection.28}{\376\377\0001\000.\0003\000.\0004\000\040\000E\000r\000r\000o\000r\000\040\000D\000e\000t\000e\000c\000t\000i\000o\000n\000\040\000\046\000\040\000C\000o\000r\000r\000e\000c\000t\000i\000o\000n}{section.9}% 14
\BOOKMARK [0][-]{chapter.29}{\376\377\0002\000\040\000G\000e\000n\000e\000r\000a\000t\000i\000o\000n\000\040\000o\000f\000\040\000d\000i\000f\000f\000e\000r\000e\000n\000t\000\040\000L\000D\000P\000C\000\040\000m\000a\000t\000r\000i\000c\000e\000s}{}% 15
\BOOKMARK [1][-]{section.32}{\376\377\0002\000.\0001\000\040\000G\000a\000l\000l\000a\000g\000e\000r\000\040\000P\000a\000r\000i\000t\000y\000\040\000C\000h\000e\000c\000k\000\040\000M\000a\000t\000r\000i\000x}{chapter.29}% 16
\BOOKMARK [1][-]{section.33}{\376\377\0002\000.\0002\000\040\000Q\000u\000a\000s\000i\000-\000C\000y\000c\000l\000i\000c\000\040\000\050\000Q\000C\000\051\000\040\000p\000a\000r\000i\000t\000y\000\040\000C\000h\000e\000c\000k\000\040\000M\000a\000t\000r\000i\000x}{chapter.29}% 17
\BOOKMARK [1][-]{section.36}{\376\377\0002\000.\0003\000\040\000M\000a\000c\000K\000a\000y\000\040\000N\000e\000a\000l\000\040\000P\000a\000r\000i\000t\000y\000\040\000C\000h\000e\000c\000k\000\040\000M\000a\000t\000r\000i\000x}{chapter.29}% 18
\BOOKMARK [0][-]{chapter.37}{\376\377\0003\000\040\000D\000e\000c\000o\000d\000i\000n\000g\000\040\000A\000l\000g\000o\000r\000i\000t\000h\000m}{}% 19
\BOOKMARK [1][-]{section.38}{\376\377\0003\000.\0001\000\040\000M\000e\000s\000s\000a\000g\000e\000\040\000P\000a\000s\000s\000i\000n\000g\000\040\000D\000e\000c\000o\000d\000i\000n\000g}{chapter.37}% 20
\BOOKMARK [2][-]{subsection.40}{\376\377\0003\000.\0001\000.\0001\000\040\000S\000u\000m\000\040\000P\000r\000o\000d\000u\000c\000t\000\040\000D\000e\000c\000o\000d\000i\000n\000g\0009}{section.38}% 21
\BOOKMARK [2][-]{subsection.46}{\376\377\0003\000.\0001\000.\0002\000\040\000M\000i\000n\000\040\000S\000u\000m\000\040\000D\000e\000c\000o\000d\000i\000n\000g}{section.38}% 22
\BOOKMARK [0][-]{chapter.56}{\376\377\0004\000\040\000C\000\040\000L\000e\000v\000e\000l\000\040\000I\000m\000p\000l\000e\000m\000e\000n\000t\000a\000t\000i\000o\000n\000\040\000\046\000\040\000V\000e\000r\000i\000f\000i\000c\000a\000t\000i\000o\000n}{}% 23
\BOOKMARK [1][-]{section.57}{\376\377\0004\000.\0001\000\040\000\040\000M\000i\000n\000\040\000S\000u\000m\000\040\000D\000e\000c\000o\000d\000e\000\040\000A\000l\000g\000o\000r\000i\000t\000h\000m}{chapter.56}% 24
\BOOKMARK [2][-]{subsection.58}{\376\377\0004\000.\0001\000.\0001\000\040\000R\000e\000s\000u\000l\000t\000s\000\040\000o\000n\000\040\000Q\000u\000a\000s\000i\000\040\000C\000y\000c\000l\000i\000c\000\040\000M\000a\000t\000r\000i\000x}{section.57}% 25
\BOOKMARK [2][-]{subsection.68}{\376\377\0004\000.\0001\000.\0002\000\040\000R\000e\000s\000u\000l\000t\000s\000\040\000o\000n\000\040\000R\000a\000n\000d\000o\000m\000\040\000M\000a\000t\000r\000i\000c\000e\000s\000\040}{section.57}% 26
\BOOKMARK [0][-]{chapter.71}{\376\377\0005\000\040\000P\000a\000r\000t\000i\000t\000i\000o\000n\000i\000n\000g\000\040\000o\000f\000\040\000T\000a\000n\000n\000e\000r\000\040\000G\000r\000a\000p\000h}{}% 27
\BOOKMARK [1][-]{section.72}{\376\377\0005\000.\0001\000\040\000I\000n\000t\000r\000o\000d\000u\000c\000t\000i\000o\000n}{chapter.71}% 28
\BOOKMARK [1][-]{section.73}{\376\377\0005\000.\0002\000\040\000P\000a\000r\000t\000i\000t\000i\000o\000n\000i\000n\000g}{chapter.71}% 29
\BOOKMARK [1][-]{section.75}{\376\377\0005\000.\0003\000\040\000P\000r\000o\000c\000e\000d\000u\000r\000e}{chapter.71}% 30
\BOOKMARK [1][-]{section.77}{\376\377\0005\000.\0004\000\040\000R\000e\000s\000u\000l\000t\000s\000\040\000o\000f\000\040\000p\000a\000r\000t\000i\000t\000i\000o\000n\000i\000n\000g\000\040\000a\000p\000p\000l\000i\000e\000d\000\040\000t\000o\000\040\000m\000a\000t\000r\000i\000c\000e\000s}{chapter.71}% 31
\BOOKMARK [0][-]{chapter.81}{\376\377\0006\000\040\000M\000o\000d\000i\000f\000i\000c\000a\000t\000i\000o\000n\000\040\000i\000n\000\040\000M\000i\000n\000\040\000S\000u\000m\000\040\000A\000l\000g\000o\000r\000i\000t\000h\000m\000\040\000u\000s\000i\000n\000g\000\040\000p\000a\000r\000t\000i\000t\000i\000o\000n\000i\000n\000g}{}% 32
\BOOKMARK [1][-]{section.82}{\376\377\0006\000.\0001\000\040\000E\000x\000a\000m\000p\000l\000e\000\040\000e\000x\000p\000l\000a\000i\000n\000i\000n\000g\000\040\000m\000i\000n\000\040\000s\000u\000m\000\040\000d\000e\000c\000o\000d\000e\000\040}{chapter.81}% 33
\BOOKMARK [1][-]{section.89}{\376\377\0006\000.\0002\000\040\000E\000x\000a\000m\000p\000l\000e\000\040\000e\000x\000p\000l\000a\000i\000n\000i\000n\000g\000\040\000m\000o\000d\000i\000f\000i\000c\000a\000t\000i\000o\000n\000s\000\040\000o\000n\000\040\000m\000i\000n\000\040\000s\000u\000m\000\040\000d\000e\000c\000o\000d\000e\000\040\000a\000l\000g\000o\000r\000i\000t\000h\000m\000\040\000f\000o\000r\000\040\000a\000\040\000p\000a\000r\000t\000i\000t\000i\000o\000n\000e\000d\000\040\000m\000a\000t\000r\000i\000x\000\040}{chapter.81}% 34
\BOOKMARK [1][-]{section.94}{\376\377\0006\000.\0003\000\040\000M\000o\000d\000i\000f\000i\000e\000d\000\040\000M\000i\000n\000\040\000S\000u\000m\000\040\000A\000l\000g\000o\000r\000i\000t\000h\000m\000\040}{chapter.81}% 35
\BOOKMARK [0][-]{chapter.101}{\376\377\0007\000\040\000\040\000H\000a\000r\000d\000w\000a\000r\000e\000\040\000I\000m\000p\000l\000e\000m\000e\000n\000t\000a\000t\000i\000o\000n\000\040\000o\000f\000\040\000t\000h\000e\000\040\000a\000l\000g\000o\000r\000i\000t\000h\000m\000s\000\040}{}% 36
\BOOKMARK [1][-]{section.102}{\376\377\0007\000.\0001\000\040\000R\000e\000s\000u\000l\000t\000s}{chapter.101}% 37
\BOOKMARK [0][-]{chapter.107}{\376\377\0008\000\040\000C\000o\000n\000c\000l\000u\000s\000i\000o\000n\000\040\000\046\000\040\000F\000u\000t\000u\000r\000e\000\040\000W\000o\000r\000k}{}% 38
