clang -O0 -std=gnu89   -I/home/anurag/anurag_drive/Assignment2_InstallAhir/ahir/release/include -I/home/anurag/anurag_drive/Assignment2_InstallAhir/ahir/release/functionLibrary//include -emit-llvm -c src/prog.c
opt --indvars --loopsimplify prog.o -o prog.opt.o
llvm-dis prog.opt.o
llvm2aa -extract_do_while=true --storageinit=true  prog.opt.o | vcFormat >  prog.aa
Warning: no modules specified.. will translate all functions
Info: -storageinit=true: storage initializers will be generated
Info: -extract_do_while=true: storage initializers will be generated
Info: locating portname in constant GEP [11 x i8] c"maxNitr_in\00"

Info: added pipe maxNitr_in with type $uint<16>
Info: locating portname in constant GEP [10 x i8] c"ebbyNo_in\00"

Info: added pipe ebbyNo_in with type $float<8,23>
Info: locating portname in constant GEP [10 x i8] c"matrix_in\00"

Info: added pipe matrix_in with type $uint<16>
Info: locating portname in constant GEP [10 x i8] c"matrix_in\00"

Info: locating portname in constant GEP [14 x i8] c"code_block_in\00"

Info: added pipe code_block_in with type $float<8,23>
Info: locating portname in constant GEP [16 x i8] c"stop_the_daemon\00"

Info: added pipe stop_the_daemon with type $uint<8>
Info: Initial value specified for ebbyNo: will create initializer module
Info: generating storage initialization module which calls all initializers in parallel
Info: visiting function initInputs
Info: traversal: visited block bb_0
Info: starting new BB-chain-dag with header bb_0
Basic Block Chain DAGS.
Basic-block-chain-DAG with header = bb_0
 bb_0
   -> 
   <- 
loop-backs 
exit-points 
Info: ignoring get-element-ptr to progx_xoptx_xo_iNtErNal_xx_xstr since it is not (really) used in any function..
Info: locating portname in constant GEP [11 x i8] c"maxNitr_in\00"

Info: ignoring get-element-ptr to progx_xoptx_xo_iNtErNal_xx_xstr1 since it is not (really) used in any function..
Info: locating portname in constant GEP [10 x i8] c"ebbyNo_in\00"

Info: visiting function read_uint16
Info: ignoring external function read_uint16
Info: visiting function read_float32
Info: ignoring external function read_float32
Info: visiting function initMem
Info: traversal: visited block bb_0
Info: traversal: visited block bb_1
Info: traversal: visited block bb_2
Info: traversal: visited block bb_4
Info: traversal: visited block bb_3
Info: traversal: visited block bb_5
Info: traversal: visited block bb_6
Info: traversal: visited block bb_8
Info: traversal: visited block bb_7
Info: starting new BB-chain-dag with header bb_0
Info: starting new BB-chain-dag with header bb_1
Info: starting new BB-chain-dag with header bb_2
Info: starting new BB-chain-dag with header bb_3
Info: starting new BB-chain-dag with header bb_4
Info: starting new BB-chain-dag with header bb_5
Info: starting new BB-chain-dag with header bb_6
Info: added chain-link bb_6 -> bb_7
Info: starting new BB-chain-dag with header bb_8
Basic Block Chain DAGS.
Basic-block-chain-DAG with header = bb_0
 bb_0
   -> 
   <- 
loop-backs 
exit-points 
  bb_0
Basic-block-chain-DAG with header = bb_1
 bb_1
   -> 
   <- 
loop-backs 
exit-points 
  bb_1
Basic-block-chain-DAG with header = bb_2
 bb_2
   -> 
   <- 
loop-backs 
exit-points 
  bb_2
Basic-block-chain-DAG with header = bb_3
 bb_3
   -> 
   <- 
loop-backs 
exit-points 
  bb_3
Basic-block-chain-DAG with header = bb_4
 bb_4
   -> 
   <- 
loop-backs 
exit-points 
  bb_4
Basic-block-chain-DAG with header = bb_5
 bb_5
   -> 
   <- 
loop-backs 
exit-points 
  bb_5
Basic-block-chain-DAG with header = bb_6
 bb_6
   -> bb_7
   <- 
 bb_7
   -> 
   <- bb_6
loop-backs 
exit-points 
  bb_7
Basic-block-chain-DAG with header = bb_8
 bb_8
   -> 
   <- 
loop-backs 
exit-points 
Info: ignoring get-element-ptr to progx_xoptx_xo_iNtErNal_xx_xstr2 since it is not (really) used in any function..
Info: locating portname in constant GEP [10 x i8] c"matrix_in\00"

Info: ignoring call to special function __loop_pipelining_on__.
Info: ignoring get-element-ptr to progx_xoptx_xo_iNtErNal_xx_xstr2 since it is not (really) used in any function..
Info: locating portname in constant GEP [10 x i8] c"matrix_in\00"

Info: visiting function __loop_pipelining_on__
Info: ignoring external function __loop_pipelining_on__
Info: visiting function readMatrix
Info: traversal: visited block bb_0
Info: starting new BB-chain-dag with header bb_0
Basic Block Chain DAGS.
Basic-block-chain-DAG with header = bb_0
 bb_0
   -> 
   <- 
loop-backs 
exit-points 
Info: visiting function readCodeBlock
Info: traversal: visited block bb_0
Info: traversal: visited block bb_1
Info: traversal: visited block bb_2
Info: traversal: visited block bb_4
Info: traversal: visited block bb_3
Info: starting new BB-chain-dag with header bb_0
Info: starting new BB-chain-dag with header bb_1
Info: starting new BB-chain-dag with header bb_2
Info: added chain-link bb_2 -> bb_3
Info: starting new BB-chain-dag with header bb_4
Basic Block Chain DAGS.
Basic-block-chain-DAG with header = bb_0
 bb_0
   -> 
   <- 
loop-backs 
exit-points 
  bb_0
Basic-block-chain-DAG with header = bb_1
 bb_1
   -> 
   <- 
loop-backs 
exit-points 
  bb_1
Basic-block-chain-DAG with header = bb_2
 bb_2
   -> bb_3
   <- 
 bb_3
   -> 
   <- bb_2
loop-backs 
exit-points 
  bb_3
Basic-block-chain-DAG with header = bb_4
 bb_4
   -> 
   <- 
loop-backs 
exit-points 
Info: ignoring call to special function __loop_pipelining_on__.
Info: ignoring get-element-ptr to progx_xoptx_xo_iNtErNal_xx_xstr3 since it is not (really) used in any function..
Info: locating portname in constant GEP [14 x i8] c"code_block_in\00"

Info: visiting function checkIsdecoded
Info: traversal: visited block bb_0
Info: traversal: visited block bb_1
Info: traversal: visited block bb_2
Info: traversal: visited block bb_13
Info: traversal: visited block bb_3
Info: traversal: visited block bb_6
Info: traversal: visited block bb_4
Info: traversal: visited block bb_5
Info: traversal: visited block bb_7
Info: traversal: visited block bb_10
Info: traversal: visited block bb_11
Info: traversal: visited block bb_8
Info: traversal: visited block bb_9
Info: traversal: visited block bb_12
Info: starting new BB-chain-dag with header bb_0
Info: starting new BB-chain-dag with header bb_1
Info: starting new BB-chain-dag with header bb_2
Info: added chain-link bb_2 -> bb_3
Info: added chain-link bb_3 -> bb_4
Info: added chain-link bb_4 -> bb_5
Info: added chain-link bb_5 -> bb_11
Info: added chain-link bb_11 -> bb_12
Info: added chain-link bb_3 -> bb_5
Info: added chain-link bb_5 -> bb_11
Info: added chain-link bb_11 -> bb_12
Info: added chain-link bb_2 -> bb_6
Info: added chain-link bb_6 -> bb_7
Info: added chain-link bb_7 -> bb_8
Info: added chain-link bb_8 -> bb_9
Info: added chain-link bb_9 -> bb_10
Info: added chain-link bb_10 -> bb_11
Info: added chain-link bb_11 -> bb_12
Info: added chain-link bb_7 -> bb_9
Info: added chain-link bb_9 -> bb_10
Info: added chain-link bb_10 -> bb_11
Info: added chain-link bb_11 -> bb_12
Info: added chain-link bb_6 -> bb_10
Info: added chain-link bb_10 -> bb_11
Info: added chain-link bb_11 -> bb_12
Info: starting new BB-chain-dag with header bb_13
Basic Block Chain DAGS.
Basic-block-chain-DAG with header = bb_0
 bb_0
   -> 
   <- 
loop-backs 
exit-points 
  bb_0
Basic-block-chain-DAG with header = bb_1
 bb_1
   -> 
   <- 
loop-backs 
exit-points 
  bb_1
Basic-block-chain-DAG with header = bb_2
 bb_2
   -> bb_3,  bb_6
   <- 
 bb_6
   -> bb_7,  bb_10
   <- bb_2
 bb_7
   -> bb_8,  bb_9
   <- bb_6
 bb_8
   -> bb_9
   <- bb_7
 bb_9
   -> bb_10
   <- bb_8,  bb_7
 bb_10
   -> bb_11
   <- bb_9,  bb_6
 bb_3
   -> bb_4,  bb_5
   <- bb_2
 bb_4
   -> bb_5
   <- bb_3
 bb_5
   -> bb_11
   <- bb_4,  bb_3
 bb_11
   -> bb_12
   <- bb_5,  bb_10
 bb_12
   -> 
   <- bb_11
loop-backs 
exit-points 
  bb_12
Basic-block-chain-DAG with header = bb_13
 bb_13
   -> 
   <- 
loop-backs 
exit-points 
Info: ignoring call to special function __loop_pipelining_on__.
Info: visiting function updateMessage
Info: traversal: visited block bb_0
Info: traversal: visited block bb_1
Info: traversal: visited block bb_2
Info: traversal: visited block bb_15
Info: traversal: visited block bb_3
Info: traversal: visited block bb_8
Info: traversal: visited block bb_4
Info: traversal: visited block bb_9
Info: traversal: visited block bb_5
Info: traversal: visited block bb_7
Info: traversal: visited block bb_10
Info: traversal: visited block bb_12
Info: traversal: visited block bb_6
Info: traversal: visited block bb_13
Info: traversal: visited block bb_11
Info: traversal: visited block bb_14
Info: starting new BB-chain-dag with header bb_0
Info: starting new BB-chain-dag with header bb_1
Info: starting new BB-chain-dag with header bb_2
Info: added chain-link bb_2 -> bb_3
Info: added chain-link bb_3 -> bb_4
Info: added chain-link bb_4 -> bb_5
Info: added chain-link bb_4 -> bb_7
Info: added chain-link bb_7 -> bb_13
Info: added chain-link bb_13 -> bb_14
Info: added chain-link bb_2 -> bb_8
Info: added chain-link bb_8 -> bb_9
Info: added chain-link bb_9 -> bb_10
Info: added chain-link bb_9 -> bb_12
Info: added chain-link bb_12 -> bb_13
Info: added chain-link bb_13 -> bb_14
Info: invalidate chain-element bb_9
Info: invalidate chain-element bb_12
Info: invalidate chain-element bb_10
Info: invalidate chain-element bb_4
Info: invalidate chain-element bb_7
Info: invalidate chain-element bb_13
Info: invalidate chain-element bb_14
Info: invalidate chain-element bb_5
Info: starting new BB-chain-dag with header bb_4
Info: starting new BB-chain-dag with header bb_5
Info: added chain-link bb_5 -> bb_6
Info: starting new BB-chain-dag with header bb_7
Info: starting new BB-chain-dag with header bb_9
Info: starting new BB-chain-dag with header bb_10
Info: added chain-link bb_10 -> bb_11
Info: starting new BB-chain-dag with header bb_12
Info: starting new BB-chain-dag with header bb_13
Info: starting new BB-chain-dag with header bb_14
Info: starting new BB-chain-dag with header bb_15
Basic Block Chain DAGS.
Basic-block-chain-DAG with header = bb_0
 bb_0
   -> 
   <- 
loop-backs 
exit-points 
  bb_0
Basic-block-chain-DAG with header = bb_1
 bb_1
   -> 
   <- 
loop-backs 
exit-points 
  bb_1
Basic-block-chain-DAG with header = bb_2
 bb_2
   -> bb_3,  bb_8
   <- 
 bb_8
   -> 
   <- bb_2
 bb_3
   -> 
   <- bb_2
loop-backs 
exit-points 
  bb_3
  bb_8
Basic-block-chain-DAG with header = bb_4
 bb_4
   -> 
   <- 
loop-backs 
exit-points 
  bb_4
Basic-block-chain-DAG with header = bb_5
 bb_5
   -> bb_6
   <- 
 bb_6
   -> 
   <- bb_5
loop-backs 
exit-points 
  bb_6
Basic-block-chain-DAG with header = bb_7
 bb_7
   -> 
   <- 
loop-backs 
exit-points 
  bb_7
Basic-block-chain-DAG with header = bb_9
 bb_9
   -> 
   <- 
loop-backs 
exit-points 
  bb_9
Basic-block-chain-DAG with header = bb_10
 bb_10
   -> bb_11
   <- 
 bb_11
   -> 
   <- bb_10
loop-backs 
exit-points 
  bb_11
Basic-block-chain-DAG with header = bb_12
 bb_12
   -> 
   <- 
loop-backs 
exit-points 
  bb_12
Basic-block-chain-DAG with header = bb_13
 bb_13
   -> 
   <- 
loop-backs 
exit-points 
  bb_13
Basic-block-chain-DAG with header = bb_14
 bb_14
   -> 
   <- 
loop-backs 
exit-points 
  bb_14
Basic-block-chain-DAG with header = bb_15
 bb_15
   -> 
   <- 
loop-backs 
exit-points 
Info: ignoring call to special function __loop_pipelining_on__.
Info: ignoring call to special function __loop_pipelining_on__.
Info: ignoring call to special function __loop_pipelining_on__.
Info: visiting function checkNodeComputeEngine
Info: traversal: visited block bb_0
Info: traversal: visited block bb_1
Info: traversal: visited block bb_2
Info: traversal: visited block bb_55
Info: traversal: visited block bb_3
Info: traversal: visited block bb_28
Info: traversal: visited block bb_4
Info: traversal: visited block bb_29
Info: traversal: visited block bb_5
Info: traversal: visited block bb_27
Info: traversal: visited block bb_30
Info: traversal: visited block bb_52
Info: traversal: visited block bb_6
Info: traversal: visited block bb_53
Info: traversal: visited block bb_31
Info: traversal: visited block bb_7
Info: traversal: visited block bb_22
Info: traversal: visited block bb_54
Info: traversal: visited block bb_32
Info: traversal: visited block bb_47
Info: traversal: visited block bb_8
Info: traversal: visited block bb_9
Info: traversal: visited block bb_23
Info: traversal: visited block bb_24
Info: traversal: visited block bb_33
Info: traversal: visited block bb_34
Info: traversal: visited block bb_48
Info: traversal: visited block bb_49
Info: traversal: visited block bb_21
Info: traversal: visited block bb_10
Info: traversal: visited block bb_11
Info: traversal: visited block bb_25
Info: traversal: visited block bb_46
Info: traversal: visited block bb_35
Info: traversal: visited block bb_36
Info: traversal: visited block bb_50
Info: traversal: visited block bb_14
Info: traversal: visited block bb_12
Info: traversal: visited block bb_13
Info: traversal: visited block bb_26
Info: traversal: visited block bb_39
Info: traversal: visited block bb_37
Info: traversal: visited block bb_38
Info: traversal: visited block bb_51
Info: traversal: visited block bb_15
Info: traversal: visited block bb_16
Info: traversal: visited block bb_40
Info: traversal: visited block bb_41
Info: traversal: visited block bb_19
Info: traversal: visited block bb_17
Info: traversal: visited block bb_18
Info: traversal: visited block bb_44
Info: traversal: visited block bb_42
Info: traversal: visited block bb_43
Info: traversal: visited block bb_20
Info: traversal: visited block bb_45
Info: starting new BB-chain-dag with header bb_0
Info: starting new BB-chain-dag with header bb_1
Info: starting new BB-chain-dag with header bb_2
Info: added chain-link bb_2 -> bb_3
Info: added chain-link bb_3 -> bb_4
Info: added chain-link bb_4 -> bb_5
Info: added chain-link bb_5 -> bb_6
Info: added chain-link bb_6 -> bb_7
Info: added chain-link bb_7 -> bb_8
Info: added chain-link bb_7 -> bb_9
Info: added chain-link bb_9 -> bb_10
Info: added chain-link bb_10 -> bb_14
Info: added chain-link bb_14 -> bb_15
Info: added chain-link bb_15 -> bb_19
Info: added chain-link bb_19 -> bb_20
Info: added chain-link bb_14 -> bb_16
Info: added chain-link bb_16 -> bb_17
Info: added chain-link bb_17 -> bb_18
Info: added chain-link bb_18 -> bb_19
Info: added chain-link bb_19 -> bb_20
Info: added chain-link bb_16 -> bb_18
Info: added chain-link bb_18 -> bb_19
Info: added chain-link bb_19 -> bb_20
Info: added chain-link bb_9 -> bb_11
Info: added chain-link bb_11 -> bb_12
Info: added chain-link bb_12 -> bb_13
Info: added chain-link bb_13 -> bb_14
Info: added chain-link bb_14 -> bb_15
Info: added chain-link bb_15 -> bb_19
Info: added chain-link bb_19 -> bb_20
Info: added chain-link bb_14 -> bb_16
Info: added chain-link bb_16 -> bb_17
Info: added chain-link bb_17 -> bb_18
Info: added chain-link bb_18 -> bb_19
Info: added chain-link bb_19 -> bb_20
Info: added chain-link bb_16 -> bb_18
Info: added chain-link bb_18 -> bb_19
Info: added chain-link bb_19 -> bb_20
Info: added chain-link bb_11 -> bb_13
Info: added chain-link bb_13 -> bb_14
Info: added chain-link bb_14 -> bb_15
Info: added chain-link bb_15 -> bb_19
Info: added chain-link bb_19 -> bb_20
Info: added chain-link bb_14 -> bb_16
Info: added chain-link bb_16 -> bb_17
Info: added chain-link bb_17 -> bb_18
Info: added chain-link bb_18 -> bb_19
Info: added chain-link bb_19 -> bb_20
Info: added chain-link bb_16 -> bb_18
Info: added chain-link bb_18 -> bb_19
Info: added chain-link bb_19 -> bb_20
Info: added chain-link bb_6 -> bb_22
Info: added chain-link bb_22 -> bb_23
Info: added chain-link bb_23 -> bb_25
Info: added chain-link bb_22 -> bb_24
Info: added chain-link bb_24 -> bb_25
Info: added chain-link bb_4 -> bb_27
Info: added chain-link bb_27 -> bb_53
Info: added chain-link bb_53 -> bb_54
Info: added chain-link bb_2 -> bb_28
Info: added chain-link bb_28 -> bb_29
Info: added chain-link bb_29 -> bb_30
Info: added chain-link bb_30 -> bb_31
Info: added chain-link bb_31 -> bb_32
Info: added chain-link bb_32 -> bb_33
Info: added chain-link bb_32 -> bb_34
Info: added chain-link bb_34 -> bb_35
Info: added chain-link bb_35 -> bb_39
Info: added chain-link bb_39 -> bb_40
Info: added chain-link bb_40 -> bb_44
Info: added chain-link bb_44 -> bb_45
Info: added chain-link bb_39 -> bb_41
Info: added chain-link bb_41 -> bb_42
Info: added chain-link bb_42 -> bb_43
Info: added chain-link bb_43 -> bb_44
Info: added chain-link bb_44 -> bb_45
Info: added chain-link bb_41 -> bb_43
Info: added chain-link bb_43 -> bb_44
Info: added chain-link bb_44 -> bb_45
Info: added chain-link bb_34 -> bb_36
Info: added chain-link bb_36 -> bb_37
Info: added chain-link bb_37 -> bb_38
Info: added chain-link bb_38 -> bb_39
Info: added chain-link bb_39 -> bb_40
Info: added chain-link bb_40 -> bb_44
Info: added chain-link bb_44 -> bb_45
Info: added chain-link bb_39 -> bb_41
Info: added chain-link bb_41 -> bb_42
Info: added chain-link bb_42 -> bb_43
Info: added chain-link bb_43 -> bb_44
Info: added chain-link bb_44 -> bb_45
Info: added chain-link bb_41 -> bb_43
Info: added chain-link bb_43 -> bb_44
Info: added chain-link bb_44 -> bb_45
Info: added chain-link bb_36 -> bb_38
Info: added chain-link bb_38 -> bb_39
Info: added chain-link bb_39 -> bb_40
Info: added chain-link bb_40 -> bb_44
Info: added chain-link bb_44 -> bb_45
Info: added chain-link bb_39 -> bb_41
Info: added chain-link bb_41 -> bb_42
Info: added chain-link bb_42 -> bb_43
Info: added chain-link bb_43 -> bb_44
Info: added chain-link bb_44 -> bb_45
Info: added chain-link bb_41 -> bb_43
Info: added chain-link bb_43 -> bb_44
Info: added chain-link bb_44 -> bb_45
Info: added chain-link bb_31 -> bb_47
Info: added chain-link bb_47 -> bb_48
Info: added chain-link bb_48 -> bb_50
Info: added chain-link bb_47 -> bb_49
Info: added chain-link bb_49 -> bb_50
Info: added chain-link bb_29 -> bb_52
Info: added chain-link bb_52 -> bb_53
Info: added chain-link bb_53 -> bb_54
Info: invalidate chain-element bb_29
Info: invalidate chain-element bb_52
Info: invalidate chain-element bb_30
Info: invalidate chain-element bb_31
Info: invalidate chain-element bb_47
Info: invalidate chain-element bb_49
Info: invalidate chain-element bb_48
Info: invalidate chain-element bb_50
Info: invalidate chain-element bb_32
Info: invalidate chain-element bb_34
Info: invalidate chain-element bb_36
Info: invalidate chain-element bb_37
Info: invalidate chain-element bb_38
Info: invalidate chain-element bb_35
Info: invalidate chain-element bb_39
Info: invalidate chain-element bb_41
Info: invalidate chain-element bb_42
Info: invalidate chain-element bb_43
Info: invalidate chain-element bb_40
Info: invalidate chain-element bb_44
Info: invalidate chain-element bb_45
Info: invalidate chain-element bb_33
Info: invalidate chain-element bb_4
Info: invalidate chain-element bb_27
Info: invalidate chain-element bb_53
Info: invalidate chain-element bb_54
Info: invalidate chain-element bb_5
Info: invalidate chain-element bb_6
Info: invalidate chain-element bb_22
Info: invalidate chain-element bb_24
Info: invalidate chain-element bb_23
Info: invalidate chain-element bb_25
Info: invalidate chain-element bb_7
Info: invalidate chain-element bb_9
Info: invalidate chain-element bb_11
Info: invalidate chain-element bb_12
Info: invalidate chain-element bb_13
Info: invalidate chain-element bb_10
Info: invalidate chain-element bb_14
Info: invalidate chain-element bb_16
Info: invalidate chain-element bb_17
Info: invalidate chain-element bb_18
Info: invalidate chain-element bb_15
Info: invalidate chain-element bb_19
Info: invalidate chain-element bb_20
Info: invalidate chain-element bb_8
Info: starting new BB-chain-dag with header bb_4
Info: starting new BB-chain-dag with header bb_5
Info: added chain-link bb_5 -> bb_6
Info: added chain-link bb_6 -> bb_7
Info: added chain-link bb_7 -> bb_8
Info: added chain-link bb_7 -> bb_9
Info: added chain-link bb_9 -> bb_10
Info: added chain-link bb_10 -> bb_14
Info: added chain-link bb_14 -> bb_15
Info: added chain-link bb_15 -> bb_19
Info: added chain-link bb_19 -> bb_20
Info: added chain-link bb_14 -> bb_16
Info: added chain-link bb_16 -> bb_17
Info: added chain-link bb_17 -> bb_18
Info: added chain-link bb_18 -> bb_19
Info: added chain-link bb_19 -> bb_20
Info: added chain-link bb_16 -> bb_18
Info: added chain-link bb_18 -> bb_19
Info: added chain-link bb_19 -> bb_20
Info: added chain-link bb_9 -> bb_11
Info: added chain-link bb_11 -> bb_12
Info: added chain-link bb_12 -> bb_13
Info: added chain-link bb_13 -> bb_14
Info: added chain-link bb_14 -> bb_15
Info: added chain-link bb_15 -> bb_19
Info: added chain-link bb_19 -> bb_20
Info: added chain-link bb_14 -> bb_16
Info: added chain-link bb_16 -> bb_17
Info: added chain-link bb_17 -> bb_18
Info: added chain-link bb_18 -> bb_19
Info: added chain-link bb_19 -> bb_20
Info: added chain-link bb_16 -> bb_18
Info: added chain-link bb_18 -> bb_19
Info: added chain-link bb_19 -> bb_20
Info: added chain-link bb_11 -> bb_13
Info: added chain-link bb_13 -> bb_14
Info: added chain-link bb_14 -> bb_15
Info: added chain-link bb_15 -> bb_19
Info: added chain-link bb_19 -> bb_20
Info: added chain-link bb_14 -> bb_16
Info: added chain-link bb_16 -> bb_17
Info: added chain-link bb_17 -> bb_18
Info: added chain-link bb_18 -> bb_19
Info: added chain-link bb_19 -> bb_20
Info: added chain-link bb_16 -> bb_18
Info: added chain-link bb_18 -> bb_19
Info: added chain-link bb_19 -> bb_20
Info: added chain-link bb_6 -> bb_22
Info: added chain-link bb_22 -> bb_23
Info: added chain-link bb_23 -> bb_25
Info: added chain-link bb_25 -> bb_26
Info: added chain-link bb_22 -> bb_24
Info: added chain-link bb_24 -> bb_25
Info: added chain-link bb_25 -> bb_26
Info: invalidate chain-element bb_6
Info: invalidate chain-element bb_22
Info: invalidate chain-element bb_24
Info: invalidate chain-element bb_23
Info: invalidate chain-element bb_25
Info: invalidate chain-element bb_26
Info: invalidate chain-element bb_7
Info: invalidate chain-element bb_9
Info: invalidate chain-element bb_11
Info: invalidate chain-element bb_12
Info: invalidate chain-element bb_13
Info: invalidate chain-element bb_10
Info: invalidate chain-element bb_14
Info: invalidate chain-element bb_16
Info: invalidate chain-element bb_17
Info: invalidate chain-element bb_18
Info: invalidate chain-element bb_15
Info: invalidate chain-element bb_19
Info: invalidate chain-element bb_20
Info: invalidate chain-element bb_8
Info: starting new BB-chain-dag with header bb_6
Info: starting new BB-chain-dag with header bb_7
Info: added chain-link bb_7 -> bb_8
Info: added chain-link bb_8 -> bb_21
Info: added chain-link bb_7 -> bb_9
Info: added chain-link bb_9 -> bb_10
Info: added chain-link bb_10 -> bb_14
Info: added chain-link bb_14 -> bb_15
Info: added chain-link bb_15 -> bb_19
Info: added chain-link bb_19 -> bb_20
Info: added chain-link bb_20 -> bb_21
Info: added chain-link bb_14 -> bb_16
Info: added chain-link bb_16 -> bb_17
Info: added chain-link bb_17 -> bb_18
Info: added chain-link bb_18 -> bb_19
Info: added chain-link bb_19 -> bb_20
Info: added chain-link bb_20 -> bb_21
Info: added chain-link bb_16 -> bb_18
Info: added chain-link bb_18 -> bb_19
Info: added chain-link bb_19 -> bb_20
Info: added chain-link bb_20 -> bb_21
Info: added chain-link bb_9 -> bb_11
Info: added chain-link bb_11 -> bb_12
Info: added chain-link bb_12 -> bb_13
Info: added chain-link bb_13 -> bb_14
Info: added chain-link bb_14 -> bb_15
Info: added chain-link bb_15 -> bb_19
Info: added chain-link bb_19 -> bb_20
Info: added chain-link bb_20 -> bb_21
Info: added chain-link bb_14 -> bb_16
Info: added chain-link bb_16 -> bb_17
Info: added chain-link bb_17 -> bb_18
Info: added chain-link bb_18 -> bb_19
Info: added chain-link bb_19 -> bb_20
Info: added chain-link bb_20 -> bb_21
Info: added chain-link bb_16 -> bb_18
Info: added chain-link bb_18 -> bb_19
Info: added chain-link bb_19 -> bb_20
Info: added chain-link bb_20 -> bb_21
Info: added chain-link bb_11 -> bb_13
Info: added chain-link bb_13 -> bb_14
Info: added chain-link bb_14 -> bb_15
Info: added chain-link bb_15 -> bb_19
Info: added chain-link bb_19 -> bb_20
Info: added chain-link bb_20 -> bb_21
Info: added chain-link bb_14 -> bb_16
Info: added chain-link bb_16 -> bb_17
Info: added chain-link bb_17 -> bb_18
Info: added chain-link bb_18 -> bb_19
Info: added chain-link bb_19 -> bb_20
Info: added chain-link bb_20 -> bb_21
Info: added chain-link bb_16 -> bb_18
Info: added chain-link bb_18 -> bb_19
Info: added chain-link bb_19 -> bb_20
Info: added chain-link bb_20 -> bb_21
Info: starting new BB-chain-dag with header bb_22
Info: starting new BB-chain-dag with header bb_23
Info: starting new BB-chain-dag with header bb_24
Info: starting new BB-chain-dag with header bb_25
Info: starting new BB-chain-dag with header bb_26
Info: starting new BB-chain-dag with header bb_27
Info: starting new BB-chain-dag with header bb_29
Info: starting new BB-chain-dag with header bb_30
Info: added chain-link bb_30 -> bb_31
Info: added chain-link bb_31 -> bb_32
Info: added chain-link bb_32 -> bb_33
Info: added chain-link bb_32 -> bb_34
Info: added chain-link bb_34 -> bb_35
Info: added chain-link bb_35 -> bb_39
Info: added chain-link bb_39 -> bb_40
Info: added chain-link bb_40 -> bb_44
Info: added chain-link bb_44 -> bb_45
Info: added chain-link bb_39 -> bb_41
Info: added chain-link bb_41 -> bb_42
Info: added chain-link bb_42 -> bb_43
Info: added chain-link bb_43 -> bb_44
Info: added chain-link bb_44 -> bb_45
Info: added chain-link bb_41 -> bb_43
Info: added chain-link bb_43 -> bb_44
Info: added chain-link bb_44 -> bb_45
Info: added chain-link bb_34 -> bb_36
Info: added chain-link bb_36 -> bb_37
Info: added chain-link bb_37 -> bb_38
Info: added chain-link bb_38 -> bb_39
Info: added chain-link bb_39 -> bb_40
Info: added chain-link bb_40 -> bb_44
Info: added chain-link bb_44 -> bb_45
Info: added chain-link bb_39 -> bb_41
Info: added chain-link bb_41 -> bb_42
Info: added chain-link bb_42 -> bb_43
Info: added chain-link bb_43 -> bb_44
Info: added chain-link bb_44 -> bb_45
Info: added chain-link bb_41 -> bb_43
Info: added chain-link bb_43 -> bb_44
Info: added chain-link bb_44 -> bb_45
Info: added chain-link bb_36 -> bb_38
Info: added chain-link bb_38 -> bb_39
Info: added chain-link bb_39 -> bb_40
Info: added chain-link bb_40 -> bb_44
Info: added chain-link bb_44 -> bb_45
Info: added chain-link bb_39 -> bb_41
Info: added chain-link bb_41 -> bb_42
Info: added chain-link bb_42 -> bb_43
Info: added chain-link bb_43 -> bb_44
Info: added chain-link bb_44 -> bb_45
Info: added chain-link bb_41 -> bb_43
Info: added chain-link bb_43 -> bb_44
Info: added chain-link bb_44 -> bb_45
Info: added chain-link bb_31 -> bb_47
Info: added chain-link bb_47 -> bb_48
Info: added chain-link bb_48 -> bb_50
Info: added chain-link bb_50 -> bb_51
Info: added chain-link bb_47 -> bb_49
Info: added chain-link bb_49 -> bb_50
Info: added chain-link bb_50 -> bb_51
Info: invalidate chain-element bb_31
Info: invalidate chain-element bb_47
Info: invalidate chain-element bb_49
Info: invalidate chain-element bb_48
Info: invalidate chain-element bb_50
Info: invalidate chain-element bb_51
Info: invalidate chain-element bb_32
Info: invalidate chain-element bb_34
Info: invalidate chain-element bb_36
Info: invalidate chain-element bb_37
Info: invalidate chain-element bb_38
Info: invalidate chain-element bb_35
Info: invalidate chain-element bb_39
Info: invalidate chain-element bb_41
Info: invalidate chain-element bb_42
Info: invalidate chain-element bb_43
Info: invalidate chain-element bb_40
Info: invalidate chain-element bb_44
Info: invalidate chain-element bb_45
Info: invalidate chain-element bb_33
Info: starting new BB-chain-dag with header bb_31
Info: starting new BB-chain-dag with header bb_32
Info: added chain-link bb_32 -> bb_33
Info: added chain-link bb_33 -> bb_46
Info: added chain-link bb_32 -> bb_34
Info: added chain-link bb_34 -> bb_35
Info: added chain-link bb_35 -> bb_39
Info: added chain-link bb_39 -> bb_40
Info: added chain-link bb_40 -> bb_44
Info: added chain-link bb_44 -> bb_45
Info: added chain-link bb_45 -> bb_46
Info: added chain-link bb_39 -> bb_41
Info: added chain-link bb_41 -> bb_42
Info: added chain-link bb_42 -> bb_43
Info: added chain-link bb_43 -> bb_44
Info: added chain-link bb_44 -> bb_45
Info: added chain-link bb_45 -> bb_46
Info: added chain-link bb_41 -> bb_43
Info: added chain-link bb_43 -> bb_44
Info: added chain-link bb_44 -> bb_45
Info: added chain-link bb_45 -> bb_46
Info: added chain-link bb_34 -> bb_36
Info: added chain-link bb_36 -> bb_37
Info: added chain-link bb_37 -> bb_38
Info: added chain-link bb_38 -> bb_39
Info: added chain-link bb_39 -> bb_40
Info: added chain-link bb_40 -> bb_44
Info: added chain-link bb_44 -> bb_45
Info: added chain-link bb_45 -> bb_46
Info: added chain-link bb_39 -> bb_41
Info: added chain-link bb_41 -> bb_42
Info: added chain-link bb_42 -> bb_43
Info: added chain-link bb_43 -> bb_44
Info: added chain-link bb_44 -> bb_45
Info: added chain-link bb_45 -> bb_46
Info: added chain-link bb_41 -> bb_43
Info: added chain-link bb_43 -> bb_44
Info: added chain-link bb_44 -> bb_45
Info: added chain-link bb_45 -> bb_46
Info: added chain-link bb_36 -> bb_38
Info: added chain-link bb_38 -> bb_39
Info: added chain-link bb_39 -> bb_40
Info: added chain-link bb_40 -> bb_44
Info: added chain-link bb_44 -> bb_45
Info: added chain-link bb_45 -> bb_46
Info: added chain-link bb_39 -> bb_41
Info: added chain-link bb_41 -> bb_42
Info: added chain-link bb_42 -> bb_43
Info: added chain-link bb_43 -> bb_44
Info: added chain-link bb_44 -> bb_45
Info: added chain-link bb_45 -> bb_46
Info: added chain-link bb_41 -> bb_43
Info: added chain-link bb_43 -> bb_44
Info: added chain-link bb_44 -> bb_45
Info: added chain-link bb_45 -> bb_46
Info: starting new BB-chain-dag with header bb_47
Info: starting new BB-chain-dag with header bb_48
Info: starting new BB-chain-dag with header bb_49
Info: starting new BB-chain-dag with header bb_50
Info: starting new BB-chain-dag with header bb_51
Info: starting new BB-chain-dag with header bb_52
Info: starting new BB-chain-dag with header bb_53
Info: starting new BB-chain-dag with header bb_54
Info: starting new BB-chain-dag with header bb_55
Basic Block Chain DAGS.
Basic-block-chain-DAG with header = bb_0
 bb_0
   -> 
   <- 
loop-backs 
exit-points 
  bb_0
Basic-block-chain-DAG with header = bb_1
 bb_1
   -> 
   <- 
loop-backs 
exit-points 
  bb_1
Basic-block-chain-DAG with header = bb_2
 bb_2
   -> bb_3,  bb_28
   <- 
 bb_28
   -> 
   <- bb_2
 bb_3
   -> 
   <- bb_2
loop-backs 
exit-points 
  bb_3
  bb_28
Basic-block-chain-DAG with header = bb_4
 bb_4
   -> 
   <- 
loop-backs 
exit-points 
  bb_4
Basic-block-chain-DAG with header = bb_5
 bb_5
   -> 
   <- 
loop-backs 
exit-points 
  bb_5
Basic-block-chain-DAG with header = bb_6
 bb_6
   -> 
   <- 
loop-backs 
exit-points 
  bb_6
Basic-block-chain-DAG with header = bb_7
 bb_7
   -> bb_8,  bb_9
   <- 
 bb_9
   -> bb_10,  bb_11
   <- bb_7
 bb_11
   -> bb_12,  bb_13
   <- bb_9
 bb_12
   -> bb_13
   <- bb_11
 bb_13
   -> bb_14
   <- bb_12,  bb_11
 bb_10
   -> bb_14
   <- bb_9
 bb_14
   -> bb_15,  bb_16
   <- bb_10,  bb_13
 bb_16
   -> bb_17,  bb_18
   <- bb_14
 bb_17
   -> bb_18
   <- bb_16
 bb_18
   -> bb_19
   <- bb_17,  bb_16
 bb_15
   -> bb_19
   <- bb_14
 bb_19
   -> bb_20
   <- bb_15,  bb_18
 bb_20
   -> bb_21
   <- bb_19
 bb_8
   -> bb_21
   <- bb_7
 bb_21
   -> 
   <- bb_8,  bb_20
loop-backs 
exit-points 
  bb_21
Basic-block-chain-DAG with header = bb_22
 bb_22
   -> 
   <- 
loop-backs 
exit-points 
  bb_22
Basic-block-chain-DAG with header = bb_23
 bb_23
   -> 
   <- 
loop-backs 
exit-points 
  bb_23
Basic-block-chain-DAG with header = bb_24
 bb_24
   -> 
   <- 
loop-backs 
exit-points 
  bb_24
Basic-block-chain-DAG with header = bb_25
 bb_25
   -> 
   <- 
loop-backs 
exit-points 
  bb_25
Basic-block-chain-DAG with header = bb_26
 bb_26
   -> 
   <- 
loop-backs 
exit-points 
  bb_26
Basic-block-chain-DAG with header = bb_27
 bb_27
   -> 
   <- 
loop-backs 
exit-points 
  bb_27
Basic-block-chain-DAG with header = bb_29
 bb_29
   -> 
   <- 
loop-backs 
exit-points 
  bb_29
Basic-block-chain-DAG with header = bb_30
 bb_30
   -> 
   <- 
loop-backs 
exit-points 
  bb_30
Basic-block-chain-DAG with header = bb_31
 bb_31
   -> 
   <- 
loop-backs 
exit-points 
  bb_31
Basic-block-chain-DAG with header = bb_32
 bb_32
   -> bb_33,  bb_34
   <- 
 bb_34
   -> bb_35,  bb_36
   <- bb_32
 bb_36
   -> bb_37,  bb_38
   <- bb_34
 bb_37
   -> bb_38
   <- bb_36
 bb_38
   -> bb_39
   <- bb_37,  bb_36
 bb_35
   -> bb_39
   <- bb_34
 bb_39
   -> bb_40,  bb_41
   <- bb_35,  bb_38
 bb_41
   -> bb_42,  bb_43
   <- bb_39
 bb_42
   -> bb_43
   <- bb_41
 bb_43
   -> bb_44
   <- bb_42,  bb_41
 bb_40
   -> bb_44
   <- bb_39
 bb_44
   -> bb_45
   <- bb_40,  bb_43
 bb_45
   -> bb_46
   <- bb_44
 bb_33
   -> bb_46
   <- bb_32
 bb_46
   -> 
   <- bb_33,  bb_45
loop-backs 
exit-points 
  bb_46
Basic-block-chain-DAG with header = bb_47
 bb_47
   -> 
   <- 
loop-backs 
exit-points 
  bb_47
Basic-block-chain-DAG with header = bb_48
 bb_48
   -> 
   <- 
loop-backs 
exit-points 
  bb_48
Basic-block-chain-DAG with header = bb_49
 bb_49
   -> 
   <- 
loop-backs 
exit-points 
  bb_49
Basic-block-chain-DAG with header = bb_50
 bb_50
   -> 
   <- 
loop-backs 
exit-points 
  bb_50
Basic-block-chain-DAG with header = bb_51
 bb_51
   -> 
   <- 
loop-backs 
exit-points 
  bb_51
Basic-block-chain-DAG with header = bb_52
 bb_52
   -> 
   <- 
loop-backs 
exit-points 
  bb_52
Basic-block-chain-DAG with header = bb_53
 bb_53
   -> 
   <- 
loop-backs 
exit-points 
  bb_53
Basic-block-chain-DAG with header = bb_54
 bb_54
   -> 
   <- 
loop-backs 
exit-points 
  bb_54
Basic-block-chain-DAG with header = bb_55
 bb_55
   -> 
   <- 
loop-backs 
exit-points 
Info: ignoring call to special function __loop_pipelining_on__.
Info: ignoring call to special function __loop_pipelining_on__.
Info: ignoring call to special function __loop_pipelining_on__.
Info: branch expression terminating basic block bb_22 is linear.
Info: ignoring call to special function __loop_pipelining_on__.
Info: ignoring call to special function __loop_pipelining_on__.
Info: branch expression terminating basic block bb_47 is linear.
Info: visiting function absf
Info: traversal: visited block bb_0
Info: traversal: visited block bb_1
Info: traversal: visited block bb_2
Info: traversal: visited block bb_3
Info: starting new BB-chain-dag with header bb_0
Info: starting new BB-chain-dag with header bb_1
Info: starting new BB-chain-dag with header bb_2
Info: starting new BB-chain-dag with header bb_3
Basic Block Chain DAGS.
Basic-block-chain-DAG with header = bb_0
 bb_0
   -> 
   <- 
loop-backs 
exit-points 
  bb_0
Basic-block-chain-DAG with header = bb_1
 bb_1
   -> 
   <- 
loop-backs 
exit-points 
  bb_1
Basic-block-chain-DAG with header = bb_2
 bb_2
   -> 
   <- 
loop-backs 
exit-points 
  bb_2
Basic-block-chain-DAG with header = bb_3
 bb_3
   -> 
   <- 
loop-backs 
exit-points 
Info: branch expression terminating basic block bb_0 is linear.
Info: visiting function initializeMessage
Info: traversal: visited block bb_0
Info: traversal: visited block bb_1
Info: traversal: visited block bb_2
Info: traversal: visited block bb_15
Info: traversal: visited block bb_3
Info: traversal: visited block bb_8
Info: traversal: visited block bb_4
Info: traversal: visited block bb_9
Info: traversal: visited block bb_5
Info: traversal: visited block bb_7
Info: traversal: visited block bb_10
Info: traversal: visited block bb_12
Info: traversal: visited block bb_6
Info: traversal: visited block bb_13
Info: traversal: visited block bb_11
Info: traversal: visited block bb_14
Info: starting new BB-chain-dag with header bb_0
Info: starting new BB-chain-dag with header bb_1
Info: starting new BB-chain-dag with header bb_2
Info: added chain-link bb_2 -> bb_3
Info: added chain-link bb_3 -> bb_4
Info: added chain-link bb_4 -> bb_5
Info: added chain-link bb_4 -> bb_7
Info: added chain-link bb_7 -> bb_13
Info: added chain-link bb_13 -> bb_14
Info: added chain-link bb_2 -> bb_8
Info: added chain-link bb_8 -> bb_9
Info: added chain-link bb_9 -> bb_10
Info: added chain-link bb_9 -> bb_12
Info: added chain-link bb_12 -> bb_13
Info: added chain-link bb_13 -> bb_14
Info: invalidate chain-element bb_9
Info: invalidate chain-element bb_12
Info: invalidate chain-element bb_10
Info: invalidate chain-element bb_4
Info: invalidate chain-element bb_7
Info: invalidate chain-element bb_13
Info: invalidate chain-element bb_14
Info: invalidate chain-element bb_5
Info: starting new BB-chain-dag with header bb_4
Info: starting new BB-chain-dag with header bb_5
Info: added chain-link bb_5 -> bb_6
Info: starting new BB-chain-dag with header bb_7
Info: starting new BB-chain-dag with header bb_9
Info: starting new BB-chain-dag with header bb_10
Info: added chain-link bb_10 -> bb_11
Info: starting new BB-chain-dag with header bb_12
Info: starting new BB-chain-dag with header bb_13
Info: starting new BB-chain-dag with header bb_14
Info: starting new BB-chain-dag with header bb_15
Basic Block Chain DAGS.
Basic-block-chain-DAG with header = bb_0
 bb_0
   -> 
   <- 
loop-backs 
exit-points 
  bb_0
Basic-block-chain-DAG with header = bb_1
 bb_1
   -> 
   <- 
loop-backs 
exit-points 
  bb_1
Basic-block-chain-DAG with header = bb_2
 bb_2
   -> bb_3,  bb_8
   <- 
 bb_8
   -> 
   <- bb_2
 bb_3
   -> 
   <- bb_2
loop-backs 
exit-points 
  bb_3
  bb_8
Basic-block-chain-DAG with header = bb_4
 bb_4
   -> 
   <- 
loop-backs 
exit-points 
  bb_4
Basic-block-chain-DAG with header = bb_5
 bb_5
   -> bb_6
   <- 
 bb_6
   -> 
   <- bb_5
loop-backs 
exit-points 
  bb_6
Basic-block-chain-DAG with header = bb_7
 bb_7
   -> 
   <- 
loop-backs 
exit-points 
  bb_7
Basic-block-chain-DAG with header = bb_9
 bb_9
   -> 
   <- 
loop-backs 
exit-points 
  bb_9
Basic-block-chain-DAG with header = bb_10
 bb_10
   -> bb_11
   <- 
 bb_11
   -> 
   <- bb_10
loop-backs 
exit-points 
  bb_11
Basic-block-chain-DAG with header = bb_12
 bb_12
   -> 
   <- 
loop-backs 
exit-points 
  bb_12
Basic-block-chain-DAG with header = bb_13
 bb_13
   -> 
   <- 
loop-backs 
exit-points 
  bb_13
Basic-block-chain-DAG with header = bb_14
 bb_14
   -> 
   <- 
loop-backs 
exit-points 
  bb_14
Basic-block-chain-DAG with header = bb_15
 bb_15
   -> 
   <- 
loop-backs 
exit-points 
Info: ignoring call to special function __loop_pipelining_on__.
Info: ignoring call to special function __loop_pipelining_on__.
Info: ignoring call to special function __loop_pipelining_on__.
Info: visiting function initialize_aPosteriori
Info: traversal: visited block bb_0
Info: traversal: visited block bb_1
Info: traversal: visited block bb_2
Info: traversal: visited block bb_4
Info: traversal: visited block bb_3
Info: starting new BB-chain-dag with header bb_0
Info: starting new BB-chain-dag with header bb_1
Info: starting new BB-chain-dag with header bb_2
Info: added chain-link bb_2 -> bb_3
Info: starting new BB-chain-dag with header bb_4
Basic Block Chain DAGS.
Basic-block-chain-DAG with header = bb_0
 bb_0
   -> 
   <- 
loop-backs 
exit-points 
  bb_0
Basic-block-chain-DAG with header = bb_1
 bb_1
   -> 
   <- 
loop-backs 
exit-points 
  bb_1
Basic-block-chain-DAG with header = bb_2
 bb_2
   -> bb_3
   <- 
 bb_3
   -> 
   <- bb_2
loop-backs 
exit-points 
  bb_3
Basic-block-chain-DAG with header = bb_4
 bb_4
   -> 
   <- 
loop-backs 
exit-points 
Info: ignoring call to special function __loop_pipelining_on__.
Info: visiting function initializeExtrinsicInfo
Info: traversal: visited block bb_0
Info: traversal: visited block bb_1
Info: traversal: visited block bb_2
Info: traversal: visited block bb_4
Info: traversal: visited block bb_3
Info: starting new BB-chain-dag with header bb_0
Info: starting new BB-chain-dag with header bb_1
Info: starting new BB-chain-dag with header bb_2
Info: added chain-link bb_2 -> bb_3
Info: starting new BB-chain-dag with header bb_4
Basic Block Chain DAGS.
Basic-block-chain-DAG with header = bb_0
 bb_0
   -> 
   <- 
loop-backs 
exit-points 
  bb_0
Basic-block-chain-DAG with header = bb_1
 bb_1
   -> 
   <- 
loop-backs 
exit-points 
  bb_1
Basic-block-chain-DAG with header = bb_2
 bb_2
   -> bb_3
   <- 
 bb_3
   -> 
   <- bb_2
loop-backs 
exit-points 
  bb_3
Basic-block-chain-DAG with header = bb_4
 bb_4
   -> 
   <- 
loop-backs 
exit-points 
Info: ignoring call to special function __loop_pipelining_on__.
Info: visiting function initialize_aPriori
Info: traversal: visited block bb_0
Info: traversal: visited block bb_1
Info: traversal: visited block bb_2
Info: traversal: visited block bb_4
Info: traversal: visited block bb_3
Info: starting new BB-chain-dag with header bb_0
Info: starting new BB-chain-dag with header bb_1
Info: starting new BB-chain-dag with header bb_2
Info: added chain-link bb_2 -> bb_3
Info: starting new BB-chain-dag with header bb_4
Basic Block Chain DAGS.
Basic-block-chain-DAG with header = bb_0
 bb_0
   -> 
   <- 
loop-backs 
exit-points 
  bb_0
Basic-block-chain-DAG with header = bb_1
 bb_1
   -> 
   <- 
loop-backs 
exit-points 
  bb_1
Basic-block-chain-DAG with header = bb_2
 bb_2
   -> bb_3
   <- 
 bb_3
   -> 
   <- bb_2
loop-backs 
exit-points 
  bb_3
Basic-block-chain-DAG with header = bb_4
 bb_4
   -> 
   <- 
loop-backs 
exit-points 
Info: ignoring call to special function __loop_pipelining_on__.
Info: visiting function daemon
Info: traversal: visited block bb_0
Info: traversal: visited block bb_1
Info: traversal: visited block bb_2
Info: traversal: visited block .loopexit
Info: traversal: visited block bb_3
Info: traversal: visited block bb_4
Info: traversal: visited block bb_7
Info: traversal: visited block bb_5
Info: starting new BB-chain-dag with header bb_0
Info: starting new BB-chain-dag with header bb_1
Info: starting new BB-chain-dag with header bb_2
Info: starting new BB-chain-dag with header bb_3
Info: starting new BB-chain-dag with header bb_4
Info: starting new BB-chain-dag with header bb_5
Info: starting new BB-chain-dag with header .loopexit
Info: starting new BB-chain-dag with header bb_7
Basic Block Chain DAGS.
Basic-block-chain-DAG with header = bb_0
 bb_0
   -> 
   <- 
loop-backs 
exit-points 
  bb_0
Basic-block-chain-DAG with header = bb_1
 bb_1
   -> 
   <- 
loop-backs 
exit-points 
  bb_1
Basic-block-chain-DAG with header = bb_2
 bb_2
   -> 
   <- 
loop-backs 
exit-points 
  bb_2
Basic-block-chain-DAG with header = bb_3
 bb_3
   -> 
   <- 
loop-backs 
exit-points 
  bb_3
Basic-block-chain-DAG with header = bb_4
 bb_4
   -> 
   <- 
loop-backs 
exit-points 
  bb_4
Basic-block-chain-DAG with header = bb_5
 bb_5
   -> 
   <- 
loop-backs 
exit-points 
  bb_5
Basic-block-chain-DAG with header = xx_xloopexit
 xx_xloopexit
   -> 
   <- 
loop-backs 
exit-points 
  xx_xloopexit
Basic-block-chain-DAG with header = bb_7
 bb_7
   -> 
   <- 
loop-backs 
exit-points 
Info: ignoring get-element-ptr to progx_xoptx_xo_iNtErNal_xx_xstr4 since it is not (really) used in any function..
Info: locating portname in constant GEP [16 x i8] c"stop_the_daemon\00"

Info: visiting function write_uint8
Info: ignoring external function write_uint8
AaLinkExtMem prog.aa | vcFormat > prog.linked.aa
Info: elaborating the program .... initializing the call-graph
Info: mapping object references..
Info: checking for cycles in the call-graph ... 
Info: module order:
	absf
	checkIsdecoded
	checkNodeComputeEngine
	initMem
	initInputs
	readMatrix
	readCodeBlock
	initialize_aPriori
	initializeMessage
	initialize_aPosteriori
	initializeExtrinsicInfo
	updateMessage
	daemon
	ebbyNo_initializer_in_progx_xoptx_xo
	progx_xoptx_xo_storage_initializer_
	global_storage_initializer_
Info: marking modules reachable from root-modules ... 
Info: module absf is reachable from a specified root module.
Info: module checkIsdecoded is reachable from a specified root module.
Info: module checkNodeComputeEngine is reachable from a specified root module.
Info: module daemon is reachable from a specified root module.
Info: module initInputs is reachable from a specified root module.
Info: module initMem is reachable from a specified root module.
Info: module readMatrix is reachable from a specified root module.
Info: module readCodeBlock is reachable from a specified root module.
Info: module updateMessage is reachable from a specified root module.
Info: module initializeMessage is reachable from a specified root module.
Info: module initialize_aPosteriori is reachable from a specified root module.
Info: module initializeExtrinsicInfo is reachable from a specified root module.
Info: module initialize_aPriori is reachable from a specified root module.
Info: module ebbyNo_initializer_in_progx_xoptx_xo is reachable from a specified root module.
Info: module global_storage_initializer_ is reachable from a specified root module.
Info: module progx_xoptx_xo_storage_initializer_ is reachable from a specified root module.
Info: propagating types in the program ... 
Info: coalescing storage into distinct memory spaces ... 
Info: Marking foreign pointers in modules which are not called from the program
Info: Coalescing storage from native objects..
Info: Finished coalescing storage.. identified 50 disjoint memory space(s)
Info: Memory space 0: maxNitr 
Info: Memory space 1: ebbyNo 
Info: Memory space 2: mem 
Info: Memory space 3: pm 
Info: Memory space 4: code_block 
Info: Memory space 5: aPosteriori 
Info: Memory space 6: ext_info 
Info: Memory space 7: message 
Info: Memory space 8: aPriori 
Info: Memory space 9: %initInputs%body:nitr_alloc 
Info: Memory space 10: %initInputs%body:SNR_alloc 
Info: Memory space 11: %initMem%body:I_alloc 
Info: Memory space 12: %initMem%body:val_alloc 
Info: Memory space 13: %initMem%body:range_alloc 
Info: Memory space 14: %readCodeBlock%body:I_alloc 
Info: Memory space 15: %readCodeBlock%body:code_bit_alloc 
Info: Memory space 16: %checkIsdecoded%body:is_decoded_alloc 
Info: Memory space 17: %checkIsdecoded%body:I_alloc 
Info: Memory space 18: %updateMessage%body:chk_node_bit_p_alloc 
Info: Memory space 19: %updateMessage%body:row_alloc 
Info: Memory space 20: %updateMessage%body:col_alloc 
Info: Memory space 21: %checkNodeComputeEngine%body:chk_node_bit_p_alloc 
Info: Memory space 22: %checkNodeComputeEngine%body:row_alloc 
Info: Memory space 23: %checkNodeComputeEngine%body:col_alloc 
Info: Memory space 24: %checkNodeComputeEngine%body:I1_alloc 
Info: Memory space 25: %checkNodeComputeEngine%body:val1_alloc 
Info: Memory space 26: %checkNodeComputeEngine%body:flag1_alloc 
Info: Memory space 27: %checkNodeComputeEngine%body:exor1_alloc 
Info: Memory space 28: %checkNodeComputeEngine%body:sign1_alloc 
Info: Memory space 29: %checkNodeComputeEngine%body:I_alloc 
Info: Memory space 30: %checkNodeComputeEngine%body:val_alloc 
Info: Memory space 31: %checkNodeComputeEngine%body:flag_alloc 
Info: Memory space 32: %checkNodeComputeEngine%body:exor_alloc 
Info: Memory space 33: %checkNodeComputeEngine%body:sign_alloc 
Info: Memory space 34: 
Info: Memory space 35: 
Info: Memory space 36: %absf%body:iNsTr_0_alloc 
Info: Memory space 37: %absf%body:iNsTr_1_alloc 
Info: Memory space 38: %initializeMessage%body:chk_node_bit_p_alloc 
Info: Memory space 39: %initializeMessage%body:row_alloc 
Info: Memory space 40: %initializeMessage%body:col_alloc 
Info: Memory space 41: 
Info: Memory space 42: %initialize_aPosteriori%body:I_alloc 
Info: Memory space 43: %initializeExtrinsicInfo%body:I_alloc 
Info: Memory space 44: %initialize_aPriori%body:I_alloc 
Info: Memory space 45: %initialize_aPriori%body:sigma2_alloc 
Info: Memory space 46: %initialize_aPriori%body:rate_alloc 
Info: Memory space 47: %daemon%body:block_count_alloc 
Info: Memory space 48: %daemon%body:nitr_alloc 
Info: Memory space 49: %daemon%body:is_decoded_alloc 
Warning: memory space checkNodeComputeEngine/memory_space_34 is not written into in the program
Warning: memory space checkNodeComputeEngine/memory_space_35 is not written into in the program
Warning: memory space initializeMessage/memory_space_41 is not written into in the program
Info: propagating constants in the program ... 
AaLinkExtMem Error: pointer dereference to foreign object.. will assume it is not defined: file prog.aa, line 840
AaLinkExtMem Error: pointer dereference to foreign object.. will assume it is not defined: file prog.aa, line 953
AaLinkExtMem Error: pointer dereference to foreign object.. will assume it is not defined: file prog.aa, line 1642
Error: there were errors during elaboration, check the log
Error: there were errors during elaboration, check the log
AaOpt prog.linked.aa | vcFormat > prog.linked.opt.aa
Info: elaborating the program .... initializing the call-graph
Info: mapping object references..
Info: checking for cycles in the call-graph ... 
Info: module order:
Info: marking modules reachable from root-modules ... 
Info: propagating types in the program ... 
Info: coalescing storage into distinct memory spaces ... 
Info: Marking foreign pointers in modules which are not called from the program
Info: Coalescing storage from native objects..
Info: Finished coalescing storage.. identified 0 disjoint memory space(s)
Info: propagating constants in the program ... 
