maxNitr_out = 25 
ebbyNo_out = 3.999448 
mem_out = 0 
mem_out = 0 
mem_out = 0 
mem_out = 1 
mem_out = 2 
mem_out = 3 
mem_out = 4 
mem_out = 5 
mem_out = 6 
mem_out = 1 
mem_out = 4 
mem_out = 7 
mem_out = 2 
mem_out = 5 
mem_out = 8 
mem_out = 1 
mem_out = 4 
mem_out = 7 
mem_out = 10 
rate_out = 0.500000 
code_block_decoded = -0.800000 
code_block_decoded = 0.700000 
code_block_decoded = -0.900000 
code_block_decoded = 0.700000 
code_block_decoded = 0.500000 
code_block_decoded = -1.500000 
code_block_decoded = -2.400000 
code_block_decoded = -1.200000 
aPriori_out = 6.399116 
aPriori_out = -5.599226 
aPriori_out = 7.199006 
aPriori_out = -5.599226 
aPriori_out = -3.999448 
aPriori_out = 11.998343 
aPriori_out = 19.197350 
aPriori_out = 9.598675 
init_message_out = 6.399116 
init_message_out = -5.599226 
init_message_out = 7.199006 
init_message_out = -5.599226 
init_message_out = -3.999448 
init_message_out = 11.998343 
init_message_out = 6.399116 
init_message_out = -5.599226 
init_message_out = 19.197350 
init_message_out = -5.599226 
init_message_out = -3.999448 
init_message_out = 9.598675 
init_aPosteriori_out = 6.399116 
init_aPosteriori_out = -5.599226 
init_aPosteriori_out = 7.199006 
init_aPosteriori_out = -5.599226 
init_aPosteriori_out = -3.999448 
init_aPosteriori_out = 11.998343 
init_aPosteriori_out = 19.197350 
init_aPosteriori_out = 9.598675 
init_ext_info_out = 0.000000 
init_ext_info_out = 0.000000 
init_ext_info_out = 0.000000 
init_ext_info_out = 0.000000 
init_ext_info_out = 0.000000 
init_ext_info_out = 0.000000 
init_ext_info_out = 0.000000 
init_ext_info_out = 0.000000 
init_ext_info_out = 0.000000 
init_ext_info_out = 0.000000 
init_ext_info_out = 0.000000 
init_ext_info_out = 0.000000 
ext_info_out = -5.599226 
ext_info_out = 6.399116 
ext_info_out = -5.599226 
ext_info_out = -3.999448 
ext_info_out = -5.599226 
ext_info_out = 3.999448 
ext_info_out = -5.599226 
ext_info_out = 6.399116 
ext_info_out = -5.599226 
ext_info_out = -3.999448 
ext_info_out = -5.599226 
ext_info_out = 3.999448 
aPosteriori_out = -4.799337 
aPosteriori_out = -3.199558 
aPosteriori_out = 1.599779 
aPosteriori_out = -3.199558 
aPosteriori_out = -15.197901 
aPosteriori_out = 15.997790 
aPosteriori_out = 13.598124 
aPosteriori_out = 13.598123 
is_decoded = 0 
 message_out = 0.799890 
message_out = -9.598674 
message_out = 7.199006 
message_out = 0.799890 
message_out = -9.598675 
message_out = 11.998343 
message_out = 0.799890 
message_out = -9.598674 
message_out = 19.197350 
message_out = 0.799890 
message_out = -9.598675 
message_out = 9.598675 
init_aPosteriori_out = 6.399116 
init_aPosteriori_out = -5.599226 
init_aPosteriori_out = 7.199006 
init_aPosteriori_out = -5.599226 
init_aPosteriori_out = -3.999448 
init_aPosteriori_out = 11.998343 
init_aPosteriori_out = 19.197350 
init_aPosteriori_out = 9.598675 
init_ext_info_out = 0.000000 
init_ext_info_out = 0.000000 
init_ext_info_out = 0.000000 
init_ext_info_out = 0.000000 
init_ext_info_out = 0.000000 
init_ext_info_out = 0.000000 
init_ext_info_out = 0.000000 
init_ext_info_out = 0.000000 
init_ext_info_out = 0.000000 
init_ext_info_out = 0.000000 
init_ext_info_out = 0.000000 
init_ext_info_out = 0.000000 
ext_info_out = -9.598674 
ext_info_out = 0.799890 
ext_info_out = -0.799890 
ext_info_out = -9.598675 
ext_info_out = 0.799890 
ext_info_out = -0.799890 
ext_info_out = -9.598674 
ext_info_out = 0.799890 
ext_info_out = -0.799890 
ext_info_out = -9.598675 
ext_info_out = 0.799890 
ext_info_out = -0.799890 
aPosteriori_out = -12.798231 
aPosteriori_out = -14.398012 
aPosteriori_out = 6.399116 
aPosteriori_out = -14.398011 
aPosteriori_out = -2.399668 
aPosteriori_out = 11.198453 
aPosteriori_out = 18.397461 
aPosteriori_out = 8.798785 
is_decoded = 1 
 message_out = -3.199557 
message_out = -15.197902 
message_out = 7.199006 
message_out = -4.799336 
message_out = -3.199558 
message_out = 11.998343 
message_out = -3.199557 
message_out = -15.197901 
message_out = 19.197350 
message_out = -4.799337 
message_out = -3.199558 
message_out = 9.598675 
