\BOOKMARK [0][-]{Doc-Start}{\376\377\000D\000i\000s\000s\000e\000r\000t\000a\000t\000i\000o\000n\000\040\000A\000p\000p\000r\000o\000v\000a\000l}{}% 1
\BOOKMARK [0][-]{Doc-Start}{\376\377\000D\000e\000c\000l\000a\000r\000a\000t\000i\000o\000n\000\040\000o\000f\000\040\000A\000u\000t\000h\000o\000r\000s\000h\000i\000p}{}% 2
\BOOKMARK [0][-]{Doc-Start}{\376\377\000A\000b\000s\000t\000r\000a\000c\000t}{}% 3
\BOOKMARK [0][-]{chapter*.2}{\376\377\000L\000i\000s\000t\000\040\000o\000f\000\040\000F\000i\000g\000u\000r\000e\000s}{}% 4
\BOOKMARK [0][-]{chapter*.3}{\376\377\000L\000i\000s\000t\000\040\000o\000f\000\040\000T\000a\000b\000l\000e\000s}{}% 5
\BOOKMARK [0][-]{chapter.4}{\376\377\0001\000\040\000I\000n\000t\000r\000o\000d\000u\000c\000t\000i\000o\000n}{}% 6
\BOOKMARK [1][-]{section.5}{\376\377\0001\000.\0001\000\040\000M\000o\000t\000i\000v\000a\000t\000i\000o\000n\000\040}{chapter.4}% 7
\BOOKMARK [1][-]{section.6}{\376\377\0001\000.\0002\000\040\000O\000r\000g\000a\000n\000i\000s\000a\000t\000i\000o\000n\000\040\000o\000f\000\040\000t\000h\000e\000\040\000R\000e\000p\000o\000r\000t\000\040}{chapter.4}% 8
\BOOKMARK [1][-]{section.7}{\376\377\0001\000.\0003\000\040\000B\000a\000s\000i\000c\000s\000\040\000o\000f\000\040\000E\000r\000r\000o\000r\000\040\000C\000o\000r\000r\000e\000c\000t\000i\000o\000n\000\040}{chapter.4}% 9
\BOOKMARK [2][-]{subsection.8}{\376\377\0001\000.\0003\000.\0001\000\040\000P\000a\000r\000i\000t\000y\000\040\000C\000h\000e\000c\000k\000\040\000M\000a\000t\000r\000i\000x}{section.7}% 10
\BOOKMARK [2][-]{subsection.13}{\376\377\0001\000.\0003\000.\0002\000\040\000E\000n\000c\000o\000d\000i\000n\000g\000\040\000o\000f\000\040\000M\000e\000s\000s\000a\000g\000e}{section.7}% 11
\BOOKMARK [2][-]{subsection.18}{\376\377\0001\000.\0003\000.\0003\000\040\000T\000r\000a\000n\000s\000m\000i\000s\000s\000i\000o\000n\000\040\000o\000f\000\040\000t\000h\000e\000\040\000C\000o\000d\000e\000\040\000B\000l\000o\000c\000k}{section.7}% 12
\BOOKMARK [2][-]{subsection.26}{\376\377\0001\000.\0003\000.\0004\000\040\000E\000r\000r\000o\000r\000\040\000D\000e\000t\000e\000c\000t\000i\000o\000n\000\040\000\046\000\040\000C\000o\000r\000r\000e\000c\000t\000i\000o\000n}{section.7}% 13
\BOOKMARK [0][-]{chapter.27}{\376\377\0002\000\040\000G\000e\000n\000e\000r\000a\000t\000i\000o\000n\000\040\000o\000f\000\040\000d\000i\000f\000f\000e\000r\000e\000n\000t\000\040\000L\000D\000P\000C\000\040\000m\000a\000t\000r\000i\000c\000e\000s}{}% 14
\BOOKMARK [1][-]{section.30}{\376\377\0002\000.\0001\000\040\000G\000a\000l\000l\000a\000g\000e\000r\000\040\000P\000a\000r\000i\000t\000y\000\040\000C\000h\000e\000c\000k\000\040\000M\000a\000t\000r\000i\000x}{chapter.27}% 15
\BOOKMARK [1][-]{section.31}{\376\377\0002\000.\0002\000\040\000Q\000u\000a\000s\000i\000-\000C\000y\000c\000l\000i\000c\000\040\000\050\000Q\000C\000\051\000\040\000p\000a\000r\000i\000t\000y\000\040\000C\000h\000e\000c\000k\000\040\000M\000a\000t\000r\000i\000x}{chapter.27}% 16
\BOOKMARK [1][-]{section.34}{\376\377\0002\000.\0003\000\040\000M\000a\000c\000K\000a\000y\000\040\000N\000e\000a\000l\000\040\000P\000a\000r\000i\000t\000y\000\040\000C\000h\000e\000c\000k\000\040\000M\000a\000t\000r\000i\000x}{chapter.27}% 17
\BOOKMARK [0][-]{chapter.35}{\376\377\0003\000\040\000D\000e\000c\000o\000d\000i\000n\000g\000\040\000A\000l\000g\000o\000r\000i\000t\000h\000m\000s}{}% 18
\BOOKMARK [1][-]{section.36}{\376\377\0003\000.\0001\000\040\000M\000e\000s\000s\000a\000g\000e\000\040\000P\000a\000s\000s\000i\000n\000g\000\040\000D\000e\000c\000o\000d\000i\000n\000g}{chapter.35}% 19
\BOOKMARK [2][-]{subsection.38}{\376\377\0003\000.\0001\000.\0001\000\040\000B\000i\000t\000\040\000F\000l\000i\000p\000p\000i\000n\000g\000\040\000D\000e\000c\000o\000d\000i\000n\000g}{section.36}% 20
\BOOKMARK [2][-]{subsection.41}{\376\377\0003\000.\0001\000.\0002\000\040\000B\000e\000l\000i\000e\000f\000\040\000P\000r\000o\000p\000a\000g\000a\000t\000i\000o\000n\000\040\000D\000e\000c\000o\000d\000i\000n\000g\000\040\000\050\000S\000u\000m\000-\000P\000r\000o\000d\000u\000c\000t\000\040\000D\000e\000c\000o\000d\000i\000n\000g\000\051}{section.36}% 21
\BOOKMARK [2][-]{subsection.53}{\376\377\0003\000.\0001\000.\0003\000\040\000M\000i\000n\000\040\000S\000u\000m\000\040\000D\000e\000c\000o\000d\000i\000n\000g}{section.36}% 22
\BOOKMARK [0][-]{chapter.63}{\376\377\0004\000\040\000C\000\040\000L\000e\000v\000e\000l\000\040\000I\000m\000p\000l\000e\000m\000e\000n\000t\000a\000t\000i\000o\000n\000\040\000\046\000\040\000V\000e\000r\000i\000f\000i\000c\000a\000t\000i\000o\000n}{}% 23
\BOOKMARK [1][-]{section.64}{\376\377\0004\000.\0001\000\040\000\040\000M\000i\000n\000\040\000S\000u\000m\000\040\000D\000e\000c\000o\000d\000e\000\040\000A\000l\000g\000o\000r\000i\000t\000h\000m}{chapter.63}% 24
\BOOKMARK [2][-]{subsection.65}{\376\377\0004\000.\0001\000.\0001\000\040\000R\000e\000s\000u\000l\000t\000s\000\040\000o\000n\000\040\000Q\000u\000a\000s\000i\000\040\000C\000y\000c\000l\000i\000c\000\040\000M\000a\000t\000r\000i\000x}{section.64}% 25
\BOOKMARK [2][-]{subsection.75}{\376\377\0004\000.\0001\000.\0002\000\040\000R\000e\000s\000u\000l\000t\000s\000\040\000o\000n\000\040\000R\000a\000n\000d\000o\000m\000\040\000M\000a\000t\000r\000i\000c\000e\000s\000\040}{section.64}% 26
\BOOKMARK [0][-]{chapter.78}{\376\377\0005\000\040\000P\000a\000r\000t\000i\000t\000i\000o\000n\000i\000n\000g\000\040\000o\000f\000\040\000T\000a\000n\000n\000e\000r\000\040\000G\000r\000a\000p\000h}{}% 27
\BOOKMARK [1][-]{section.79}{\376\377\0005\000.\0001\000\040\000I\000n\000t\000r\000o\000d\000u\000c\000t\000i\000o\000n}{chapter.78}% 28
\BOOKMARK [1][-]{section.80}{\376\377\0005\000.\0002\000\040\000P\000a\000r\000t\000i\000t\000i\000o\000n\000i\000n\000g}{chapter.78}% 29
\BOOKMARK [1][-]{section.82}{\376\377\0005\000.\0003\000\040\000P\000r\000o\000c\000e\000d\000u\000r\000e}{chapter.78}% 30
\BOOKMARK [1][-]{section.84}{\376\377\0005\000.\0004\000\040\000R\000e\000s\000u\000l\000t\000s\000\040\000o\000f\000\040\000p\000a\000r\000t\000i\000t\000i\000o\000n\000i\000n\000g\000\040\000a\000p\000p\000l\000i\000e\000d\000\040\000t\000o\000\040\000m\000a\000t\000r\000i\000c\000e\000s}{chapter.78}% 31
\BOOKMARK [0][-]{chapter.88}{\376\377\0006\000\040\000M\000o\000d\000i\000f\000i\000c\000a\000t\000i\000o\000n\000\040\000i\000n\000\040\000M\000i\000n\000\040\000S\000u\000m\000\040\000A\000l\000g\000o\000r\000i\000t\000h\000m\000\040\000u\000s\000i\000n\000g\000\040\000p\000a\000r\000t\000i\000t\000i\000o\000n\000i\000n\000g}{}% 32
\BOOKMARK [1][-]{section.89}{\376\377\0006\000.\0001\000\040\000E\000x\000a\000m\000p\000l\000e\000\040\000e\000x\000p\000l\000a\000i\000n\000i\000n\000g\000\040\000m\000i\000n\000\040\000s\000u\000m\000\040\000d\000e\000c\000o\000d\000e\000\040}{chapter.88}% 33
\BOOKMARK [1][-]{section.96}{\376\377\0006\000.\0002\000\040\000\040\000E\000x\000a\000m\000p\000l\000e\000\040\000e\000x\000p\000l\000a\000i\000n\000i\000n\000g\000\040\000m\000o\000d\000i\000f\000i\000c\000a\000t\000i\000o\000n\000s\000\040\000o\000n\000\040\000m\000i\000n\000\040\000s\000u\000m\000\040\000d\000e\000c\000o\000d\000e\000\040\000a\000l\000g\000o\000r\000i\000t\000h\000m\000\040\000f\000o\000r\000\040\000a\000\040\000p\000a\000r\000t\000i\000t\000i\000o\000n\000e\000d\000\040\000m\000a\000t\000r\000i\000x\000\040}{chapter.88}% 34
\BOOKMARK [1][-]{section.101}{\376\377\0006\000.\0003\000\040\000\040\000M\000o\000d\000i\000f\000i\000e\000d\000\040\000M\000i\000n\000\040\000S\000u\000m\000\040\000A\000l\000g\000o\000r\000i\000t\000h\000m\000\040}{chapter.88}% 35
\BOOKMARK [0][-]{chapter.108}{\376\377\0007\000\040\000\040\000H\000a\000r\000d\000w\000a\000r\000e\000\040\000I\000m\000p\000l\000e\000m\000e\000n\000t\000a\000t\000i\000o\000n\000\040\000o\000f\000\040\000t\000h\000e\000\040\000a\000l\000g\000o\000r\000i\000t\000h\000m\000s\000\040}{}% 36
\BOOKMARK [1][-]{section.109}{\376\377\0007\000.\0001\000\040\000R\000e\000s\000u\000l\000t\000s}{chapter.108}% 37
\BOOKMARK [0][-]{chapter.114}{\376\377\0008\000\040\000C\000o\000n\000c\000l\000u\000s\000i\000o\000n\000\040\000\046\000\040\000F\000u\000t\000u\000r\000e\000\040\000W\000o\000r\000k}{}% 38
\BOOKMARK [0][-]{appendix*.115}{\376\377\000L\000i\000s\000t\000\040\000o\000f\000\040\000P\000u\000b\000l\000i\000c\000a\000t\000i\000o\000n\000s}{}% 39
\BOOKMARK [0][-]{appendix*.115}{\376\377\000A\000c\000k\000n\000o\000w\000l\000e\000d\000g\000e\000m\000e\000n\000t\000s}{}% 40
